#
# A fatal error has been detected by the Java Runtime Environment:
#
#  EXCEPTION_ACCESS_VIOLATION (0xc0000005) at pc=0x0000000066b1f4da, pid=22220, tid=0x000000000000450c
#
# JRE version: Java(TM) SE Runtime Environment (8.0_202-b08) (build 1.8.0_202-b08)
# Java VM: Java HotSpot(TM) 64-Bit Server VM (25.202-b08 mixed mode windows-amd64 compressed oops)
# Problematic frame:
# C  [gdx-box2d64.dll+0x1f4da]
#
# Failed to write core dump. Minidumps are not enabled by default on client versions of Windows
#
# If you would like to submit a bug report, please visit:
#   http://bugreport.java.com/bugreport/crash.jsp
# The crash happened outside the Java Virtual Machine in native code.
# See problematic frame for where to report the bug.
#

---------------  T H R E A D  ---------------

Current thread (0x00000000029e6000):  JavaThread "main" [_thread_in_native, id=17676, stack(0x00000000028e0000,0x00000000029e0000)]

siginfo: ExceptionCode=0xc0000005, reading address 0xffffffffffffffff

Registers:
RAX=0x0000000000000001, RBX=0x0e7c0e7f0e7e0e7e, RCX=0x0000000020df8140, RDX=0x000008560b578669
RSP=0x00000000029deb50, RBP=0x0000000020df8140, RSI=0x00000000029dec00, RDI=0x00000000029debf0
R8 =0x0000000000000083, R9 =0x000000007ffee000, R10=0x00000000546c6148, R11=0x00000087b555bf0b
R12=0x0000000000000008, R13=0x0000000028b3cee0, R14=0x00000000029dedd8, R15=0x00000000029e6000
RIP=0x0000000066b1f4da, EFLAGS=0x0000000000010206

Top of Stack: (sp=0x00000000029deb50)
0x00000000029deb50:   9400000000000000 000000000000c003
0x00000000029deb60:   00000000029debf0 0000000066b0c68c
0x00000000029deb70:   000000000b0f5b66 0000000000000000
0x00000000029deb80:   0000000043020000 0000000020ddeea0
0x00000000029deb90:   00000000029dec00 00000000029debf0
0x00000000029deba0:   0000000020df8140 0000000000000008
0x00000000029debb0:   0000000028b3cee0 00000000029dedd8
0x00000000029debc0:   00000000029e6000 0000000066b22fb7
0x00000000029debd0:   00000000029debe8 00000000029dec38
0x00000000029debe0:   0000000002ae835d 000000076cf75580
0x00000000029debf0:   42a0ac16af0cce00 00000000029debf8
0x00000000029dec00:   42a0ac16af0cd200 00000000029dec48
0x00000000029dec10:   430d20163be830d6 000000080b0f5b66
0x00000000029dec20:   0000009f00000006 0000000000000000
0x00000000029dec30:   000000003be830d6 0000000000000000
0x00000000029dec40:   000000003d740000 0000000000000000 

Instructions: (pc=0x0000000066b1f4da)
0x0000000066b1f4ba:   0f 2e c6 0f 86 a2 00 00 00 48 8b 73 18 48 89 da
0x0000000066b1f4ca:   48 89 e9 e8 0e fe ff ff 48 89 f3 48 85 db 74 43
0x0000000066b1f4da:   f6 43 08 08 4c 8b 73 60 4c 8b 6b 68 48 63 73 70
0x0000000066b1f4ea:   44 8b 63 74 49 8b 7e 10 4d 8b 7d 10 75 3b f6 47 


Register to memory mapping:

RAX=0x0000000000000001 is an unknown value
RBX=0x0e7c0e7f0e7e0e7e is an unknown value
RCX=0x0000000020df8140 is an unknown value
RDX=0x000008560b578669 is an unknown value
RSP=0x00000000029deb50 is pointing into the stack for thread: 0x00000000029e6000
RBP=0x0000000020df8140 is an unknown value
RSI=0x00000000029dec00 is pointing into the stack for thread: 0x00000000029e6000
RDI=0x00000000029debf0 is pointing into the stack for thread: 0x00000000029e6000
R8 =0x0000000000000083 is an unknown value
R9 =0x000000007ffee000 is an unknown value
R10=0x00000000546c6148 is an unknown value
R11=0x00000087b555bf0b is an unknown value
R12=0x0000000000000008 is an unknown value
R13={method} {0x0000000028b3cee8} 'jniStep' '(JFII)V' in 'com/badlogic/gdx/physics/box2d/World'
R14=0x00000000029dedd8 is pointing into the stack for thread: 0x00000000029e6000
R15=0x00000000029e6000 is a thread


Stack: [0x00000000028e0000,0x00000000029e0000],  sp=0x00000000029deb50,  free space=1018k
Native frames: (J=compiled Java code, j=interpreted, Vv=VM code, C=native code)
C  [gdx-box2d64.dll+0x1f4da]
C  [gdx-box2d64.dll+0x22fb7]
C  [gdx-box2d64.dll+0x274f1]
C  0x0000000002af8c67

Java frames: (J=compiled Java code, j=interpreted, Vv=VM code)
j  com.badlogic.gdx.physics.box2d.World.jniStep(JFII)V+0
j  com.badlogic.gdx.physics.box2d.World.step(FII)V+8
j  Game.PantallaJuego.updateCharacters(F)V+754
j  Game.PantallaJuego.render(F)V+128
j  com.badlogic.gdx.Game.render()V+19
j  com.badlogic.gdx.backends.lwjgl3.Lwjgl3Window.update()Z+187
j  com.badlogic.gdx.backends.lwjgl3.Lwjgl3Application.loop()V+111
j  com.badlogic.gdx.backends.lwjgl3.Lwjgl3Application.<init>(Lcom/badlogic/gdx/ApplicationListener;Lcom/badlogic/gdx/backends/lwjgl3/Lwjgl3ApplicationConfiguration;)V+243
j  com.sentinels.game.DesktopLauncher.main([Ljava/lang/String;)V+57
v  ~StubRoutines::call_stub

---------------  P R O C E S S  ---------------

Java Threads: ( => current thread )
  0x0000000021839800 JavaThread "Timer-1" [_thread_blocked, id=24100, stack(0x0000000028d80000,0x0000000028e80000)]
  0x000000001faea800 JavaThread "LWJGL3 Timer" daemon [_thread_blocked, id=33068, stack(0x0000000028c70000,0x0000000028d70000)]
  0x000000002151c000 JavaThread "Timer-0" [_thread_blocked, id=22680, stack(0x0000000028b70000,0x0000000028c70000)]
  0x000000001e5d4000 JavaThread "Thread-0" [_thread_blocked, id=27036, stack(0x000000001f290000,0x000000001f390000)]
  0x000000001e43b800 JavaThread "Service Thread" daemon [_thread_blocked, id=21072, stack(0x000000001f090000,0x000000001f190000)]
  0x000000001e3cd800 JavaThread "C1 CompilerThread3" daemon [_thread_blocked, id=14436, stack(0x000000001ef90000,0x000000001f090000)]
  0x000000001e3aa800 JavaThread "C2 CompilerThread2" daemon [_thread_blocked, id=22736, stack(0x000000001ee90000,0x000000001ef90000)]
  0x000000001e3a3000 JavaThread "C2 CompilerThread1" daemon [_thread_blocked, id=30420, stack(0x000000001ed90000,0x000000001ee90000)]
  0x000000001e39d000 JavaThread "C2 CompilerThread0" daemon [_thread_blocked, id=26108, stack(0x000000001ec90000,0x000000001ed90000)]
  0x000000001e39b000 JavaThread "Attach Listener" daemon [_thread_blocked, id=23084, stack(0x000000001eb90000,0x000000001ec90000)]
  0x000000001e39a000 JavaThread "Signal Dispatcher" daemon [_thread_blocked, id=21704, stack(0x000000001ea90000,0x000000001eb90000)]
  0x000000001e390800 JavaThread "Finalizer" daemon [_thread_blocked, id=10400, stack(0x000000001e870000,0x000000001e970000)]
  0x000000001c59d800 JavaThread "Reference Handler" daemon [_thread_blocked, id=16444, stack(0x000000001e770000,0x000000001e870000)]
=>0x00000000029e6000 JavaThread "main" [_thread_in_native, id=17676, stack(0x00000000028e0000,0x00000000029e0000)]

Other Threads:
  0x000000001c599800 VMThread [stack: 0x000000001e270000,0x000000001e370000] [id=12020]
  0x000000001e456800 WatcherThread [stack: 0x000000001f190000,0x000000001f290000] [id=10272]

VM state:not at safepoint (normal execution)

VM Mutex/Monitor currently owned by a thread: None

heap address: 0x00000006c0a00000, size: 4086 MB, Compressed Oops mode: Zero based, Oop shift amount: 3
Narrow klass base: 0x0000000000000000, Narrow klass shift: 3
Compressed class space size: 1073741824 Address: 0x00000007c0000000

Heap:
 PSYoungGen      total 76288K, used 58937K [0x000000076ae00000, 0x0000000770300000, 0x00000007c0000000)
  eden space 65536K, 89% used [0x000000076ae00000,0x000000076e78e6c8,0x000000076ee00000)
  from space 10752K, 0% used [0x000000076f880000,0x000000076f880000,0x0000000770300000)
  to   space 10752K, 0% used [0x000000076ee00000,0x000000076ee00000,0x000000076f880000)
 ParOldGen       total 175104K, used 0K [0x00000006c0a00000, 0x00000006cb500000, 0x000000076ae00000)
  object space 175104K, 0% used [0x00000006c0a00000,0x00000006c0a00000,0x00000006cb500000)
 Metaspace       used 13663K, capacity 13937K, committed 14208K, reserved 1062912K
  class space    used 1200K, capacity 1295K, committed 1408K, reserved 1048576K

Card table byte_map: [0x0000000011ea0000,0x00000000126a0000] byte_map_base: 0x000000000e89b000

Marking Bits: (ParMarkBitMap*) 0x0000000068b65ce0
 Begin Bits: [0x0000000013400000, 0x00000000173d8000)
 End Bits:   [0x00000000173d8000, 0x000000001b3b0000)

Polling page: 0x0000000002720000

CodeCache: size=245760Kb used=5075Kb max_used=5092Kb free=240684Kb
 bounds [0x0000000002ae0000, 0x0000000002fe0000, 0x0000000011ae0000]
 total_blobs=2227 nmethods=1210 adapters=930
 compilation: enabled

Compilation events (10 events):
Event: 3.432 Thread 0x000000001e3a3000 nmethod 1201 0x0000000002f65410 code [0x0000000002f65540, 0x0000000002f655f8]
Event: 3.432 Thread 0x000000001e3cd800 1204       3       com.badlogic.gdx.utils.reflect.Field::<init> (10 bytes)
Event: 3.432 Thread 0x000000001e3cd800 nmethod 1204 0x0000000002fd0e90 code [0x0000000002fd0fe0, 0x0000000002fd11b0]
Event: 3.432 Thread 0x000000001e3cd800 1205       3       com.badlogic.gdx.utils.reflect.Field::isTransient (11 bytes)
Event: 3.432 Thread 0x000000001e3cd800 nmethod 1205 0x0000000002fd4b50 code [0x0000000002fd4cc0, 0x0000000002fd4f70]
Event: 3.432 Thread 0x000000001e3cd800 1206       3       java.lang.reflect.Field::set (52 bytes)
Event: 3.432 Thread 0x000000001e3cd800 nmethod 1206 0x0000000002fd4110 code [0x0000000002fd42e0, 0x0000000002fd4928]
Event: 3.432 Thread 0x000000001e3cd800 1207       3       com.badlogic.gdx.utils.JsonValue::isString (16 bytes)
Event: 3.432 Thread 0x000000001e3cd800 nmethod 1207 0x0000000002fd3d50 code [0x0000000002fd3ea0, 0x0000000002fd4070]
Event: 3.432 Thread 0x000000001e3cd800 1208   !   3       com.badlogic.gdx.utils.reflect.Field::set (77 bytes)

GC Heap History (0 events):
No events

Deoptimization events (10 events):
Event: 2.444 Thread 0x00000000029e6000 Uncommon trap: reason=unstable_if action=reinterpret pc=0x0000000002eb9c00 method=javazoom.jl.decoder.LayerIIIDecoder.dequantize_sample([[FII)V @ 773
Event: 2.444 Thread 0x00000000029e6000 Uncommon trap: reason=unstable_if action=reinterpret pc=0x0000000002f03188 method=javazoom.jl.decoder.LayerIIIDecoder.reorder([[FII)V @ 24
Event: 2.444 Thread 0x00000000029e6000 Uncommon trap: reason=unstable_if action=reinterpret pc=0x0000000002ee6d24 method=javazoom.jl.decoder.LayerIIIDecoder.hybrid(II)V @ 32
Event: 2.444 Thread 0x00000000029e6000 Uncommon trap: reason=unstable_if action=reinterpret pc=0x0000000002eb66dc method=javazoom.jl.decoder.LayerIIIDecoder.hybrid(II)V @ 32
Event: 2.445 Thread 0x00000000029e6000 Uncommon trap: reason=unstable_if action=reinterpret pc=0x0000000002f136f0 method=javazoom.jl.decoder.LayerIIIDecoder.inv_mdct([F[FI)V @ 56
Event: 2.445 Thread 0x00000000029e6000 Uncommon trap: reason=unstable_if action=reinterpret pc=0x0000000002e4393c method=javazoom.jl.decoder.LayerIIIDecoder.hybrid(II)V @ 32
Event: 3.401 Thread 0x00000000029e6000 Uncommon trap: reason=array_check action=maybe_recompile pc=0x0000000002fb7510 method=com.badlogic.gdx.utils.Array.add(Ljava/lang/Object;)V @ 46
Event: 3.423 Thread 0x00000000029e6000 Uncommon trap: reason=array_check action=maybe_recompile pc=0x0000000002fb7510 method=com.badlogic.gdx.utils.Array.add(Ljava/lang/Object;)V @ 46
Event: 3.432 Thread 0x00000000029e6000 Uncommon trap: reason=array_check action=maybe_recompile pc=0x0000000002fb7510 method=com.badlogic.gdx.utils.Array.add(Ljava/lang/Object;)V @ 46
Event: 3.432 Thread 0x00000000029e6000 Uncommon trap: reason=array_check action=maybe_recompile pc=0x0000000002fb7510 method=com.badlogic.gdx.utils.Array.add(Ljava/lang/Object;)V @ 46

Classes redefined (0 events):
No events

Internal exceptions (10 events):
Event: 1.204 Thread 0x00000000029e6000 Exception <a 'sun/nio/fs/WindowsException'> (0x000000076bd94d48) thrown at [C:\re\workspace\8-2-build-windows-amd64-cygwin\jdk8u202\12323\hotspot\src\share\vm\prims\jni.cpp, line 710]
Event: 1.204 Thread 0x00000000029e6000 Exception <a 'sun/nio/fs/WindowsException'> (0x000000076bd95488) thrown at [C:\re\workspace\8-2-build-windows-amd64-cygwin\jdk8u202\12323\hotspot\src\share\vm\prims\jni.cpp, line 710]
Event: 1.206 Thread 0x00000000029e6000 Exception <a 'sun/nio/fs/WindowsException'> (0x000000076bda6400) thrown at [C:\re\workspace\8-2-build-windows-amd64-cygwin\jdk8u202\12323\hotspot\src\share\vm\prims\jni.cpp, line 710]
Event: 1.206 Thread 0x00000000029e6000 Exception <a 'sun/nio/fs/WindowsException'> (0x000000076bda69f8) thrown at [C:\re\workspace\8-2-build-windows-amd64-cygwin\jdk8u202\12323\hotspot\src\share\vm\prims\jni.cpp, line 710]
Event: 1.490 Thread 0x00000000029e6000 Exception <a 'java/security/PrivilegedActionException'> (0x000000076c8812f0) thrown at [C:\re\workspace\8-2-build-windows-amd64-cygwin\jdk8u202\12323\hotspot\src\share\vm\prims\jvm.cpp, line 1502]
Event: 1.490 Thread 0x00000000029e6000 Exception <a 'java/security/PrivilegedActionException'> (0x000000076c881500) thrown at [C:\re\workspace\8-2-build-windows-amd64-cygwin\jdk8u202\12323\hotspot\src\share\vm\prims\jvm.cpp, line 1502]
Event: 1.493 Thread 0x00000000029e6000 Exception <a 'java/security/PrivilegedActionException'> (0x000000076c8c2218) thrown at [C:\re\workspace\8-2-build-windows-amd64-cygwin\jdk8u202\12323\hotspot\src\share\vm\prims\jvm.cpp, line 1502]
Event: 1.493 Thread 0x00000000029e6000 Exception <a 'java/security/PrivilegedActionException'> (0x000000076c8c2428) thrown at [C:\re\workspace\8-2-build-windows-amd64-cygwin\jdk8u202\12323\hotspot\src\share\vm\prims\jvm.cpp, line 1502]
Event: 1.568 Thread 0x00000000029e6000 Exception <a 'java/security/PrivilegedActionException'> (0x000000076ccc2a10) thrown at [C:\re\workspace\8-2-build-windows-amd64-cygwin\jdk8u202\12323\hotspot\src\share\vm\prims\jvm.cpp, line 1502]
Event: 1.568 Thread 0x00000000029e6000 Exception <a 'java/security/PrivilegedActionException'> (0x000000076ccc2e08) thrown at [C:\re\workspace\8-2-build-windows-amd64-cygwin\jdk8u202\12323\hotspot\src\share\vm\prims\jvm.cpp, line 1502]

Events (10 events):
Event: 3.423 Thread 0x00000000029e6000 DEOPT PACKING pc=0x0000000002fb7510 sp=0x00000000029deda0
Event: 3.423 Thread 0x00000000029e6000 DEOPT UNPACKING pc=0x0000000002b2583b sp=0x00000000029ded30 mode 2
Event: 3.427 Thread 0x00000000029e6000 DEOPT PACKING pc=0x0000000002f0c076 sp=0x00000000029de560
Event: 3.427 Thread 0x00000000029e6000 DEOPT UNPACKING pc=0x0000000002b27890 sp=0x00000000029de360 mode 0
Event: 3.432 Thread 0x00000000029e6000 Uncommon trap: trap_request=0xffffffd6 fr.pc=0x0000000002fb7510
Event: 3.432 Thread 0x00000000029e6000 DEOPT PACKING pc=0x0000000002fb7510 sp=0x00000000029dec30
Event: 3.432 Thread 0x00000000029e6000 DEOPT UNPACKING pc=0x0000000002b2583b sp=0x00000000029debc0 mode 2
Event: 3.432 Thread 0x00000000029e6000 Uncommon trap: trap_request=0xffffffd6 fr.pc=0x0000000002fb7510
Event: 3.432 Thread 0x00000000029e6000 DEOPT PACKING pc=0x0000000002fb7510 sp=0x00000000029dec30
Event: 3.432 Thread 0x00000000029e6000 DEOPT UNPACKING pc=0x0000000002b2583b sp=0x00000000029debc0 mode 2


Dynamic libraries:
0x00007ff722ce0000 - 0x00007ff722d17000 	C:\Program Files\Java\jdk1.8.0_202\bin\java.exe
0x00007ff8224b0000 - 0x00007ff8226a5000 	C:\WINDOWS\SYSTEM32\ntdll.dll
0x00007ff8211f0000 - 0x00007ff8212ad000 	C:\WINDOWS\System32\KERNEL32.DLL
0x00007ff820150000 - 0x00007ff82041d000 	C:\WINDOWS\System32\KERNELBASE.dll
0x00007ff821020000 - 0x00007ff8210ce000 	C:\WINDOWS\System32\ADVAPI32.dll
0x00007ff8210d0000 - 0x00007ff82116e000 	C:\WINDOWS\System32\msvcrt.dll
0x00007ff8212b0000 - 0x00007ff82134c000 	C:\WINDOWS\System32\sechost.dll
0x00007ff820ef0000 - 0x00007ff821015000 	C:\WINDOWS\System32\RPCRT4.dll
0x00007ff820720000 - 0x00007ff8208c0000 	C:\WINDOWS\System32\USER32.dll
0x00007ff81fcb0000 - 0x00007ff81fcd2000 	C:\WINDOWS\System32\win32u.dll
0x00007ff822290000 - 0x00007ff8222ba000 	C:\WINDOWS\System32\GDI32.dll
0x00007ff81ff40000 - 0x00007ff82004b000 	C:\WINDOWS\System32\gdi32full.dll
0x00007ff81fbc0000 - 0x00007ff81fc5d000 	C:\WINDOWS\System32\msvcp_win.dll
0x00007ff820050000 - 0x00007ff820150000 	C:\WINDOWS\System32\ucrtbase.dll
0x00007ff80eb10000 - 0x00007ff80edaa000 	C:\WINDOWS\WinSxS\amd64_microsoft.windows.common-controls_6595b64144ccf1df_6.0.19041.1110_none_60b5254171f9507e\COMCTL32.dll
0x00007ff8222c0000 - 0x00007ff8222f0000 	C:\WINDOWS\System32\IMM32.DLL
0x0000000068bf0000 - 0x0000000068cc2000 	C:\Program Files\Java\jdk1.8.0_202\jre\bin\msvcr100.dll
0x0000000068340000 - 0x0000000068be5000 	C:\Program Files\Java\jdk1.8.0_202\jre\bin\server\jvm.dll
0x00007ff821b80000 - 0x00007ff821b88000 	C:\WINDOWS\System32\PSAPI.DLL
0x00007ff818d70000 - 0x00007ff818d7a000 	C:\WINDOWS\SYSTEM32\VERSION.dll
0x00007ff814e30000 - 0x00007ff814e57000 	C:\WINDOWS\SYSTEM32\WINMM.dll
0x00007ff81d500000 - 0x00007ff81d509000 	C:\WINDOWS\SYSTEM32\WSOCK32.dll
0x00007ff821c10000 - 0x00007ff821c7b000 	C:\WINDOWS\System32\WS2_32.dll
0x00007ff80fb90000 - 0x00007ff80fb9f000 	C:\Program Files\Java\jdk1.8.0_202\jre\bin\verify.dll
0x00007ffff7ad0000 - 0x00007ffff7af9000 	C:\Program Files\Java\jdk1.8.0_202\jre\bin\java.dll
0x00007ff8006f0000 - 0x00007ff800706000 	C:\Program Files\Java\jdk1.8.0_202\jre\bin\zip.dll
0x00007ff821430000 - 0x00007ff821b74000 	C:\WINDOWS\System32\SHELL32.dll
0x00007ff81dcc0000 - 0x00007ff81e454000 	C:\WINDOWS\SYSTEM32\windows.storage.dll
0x00007ff821f30000 - 0x00007ff822284000 	C:\WINDOWS\System32\combase.dll
0x00007ff81f550000 - 0x00007ff81f57c000 	C:\WINDOWS\SYSTEM32\Wldp.dll
0x00007ff820500000 - 0x00007ff8205ad000 	C:\WINDOWS\System32\SHCORE.dll
0x00007ff821db0000 - 0x00007ff821e05000 	C:\WINDOWS\System32\shlwapi.dll
0x00007ff81fb00000 - 0x00007ff81fb1f000 	C:\WINDOWS\SYSTEM32\profapi.dll
0x000000006e700000 - 0x000000006e72a000 	C:\Users\cesar\AppData\Local\Temp\libgdxcesar\e1cd32f8\gdx64.dll
0x00007ffffea30000 - 0x00007ffffea4a000 	C:\Program Files\Java\jdk1.8.0_202\jre\bin\net.dll
0x00007ff80c440000 - 0x00007ff80c62c000 	C:\WINDOWS\SYSTEM32\urlmon.dll
0x00007ff810820000 - 0x00007ff810ad1000 	C:\WINDOWS\SYSTEM32\iertutil.dll
0x00007ff80c410000 - 0x00007ff80c438000 	C:\WINDOWS\SYSTEM32\srvcli.dll
0x00007ff81f0b0000 - 0x00007ff81f0bc000 	C:\WINDOWS\SYSTEM32\netutils.dll
0x00007ff81f2b0000 - 0x00007ff81f31a000 	C:\WINDOWS\system32\mswsock.dll
0x00007ffff5570000 - 0x00007ffff5582000 	C:\Program Files\Java\jdk1.8.0_202\jre\bin\nio.dll
0x00007fffe9570000 - 0x00007fffe95d4000 	C:\Users\cesar\AppData\Local\Temp\lwjglcesar\3.2.3-build-13\lwjgl.dll
0x00007fffd5370000 - 0x00007fffd55c3000 	C:\Users\cesar\AppData\Local\Temp\lwjglcesar\3.2.3-build-13\jemalloc.dll
0x00007fffe8080000 - 0x00007fffe80e2000 	C:\Users\cesar\AppData\Local\Temp\lwjglcesar\3.2.3-build-13\glfw.dll
0x00007ff81d600000 - 0x00007ff81d69e000 	C:\WINDOWS\system32\uxtheme.dll
0x00007fffe9730000 - 0x00007fffe9775000 	C:\WINDOWS\SYSTEM32\dinput8.dll
0x00007ffffaa60000 - 0x00007ffffaa71000 	C:\WINDOWS\SYSTEM32\xinput1_4.dll
0x00007ff81fc60000 - 0x00007ff81fcae000 	C:\WINDOWS\System32\cfgmgr32.dll
0x00007ff81f9a0000 - 0x00007ff81f9cc000 	C:\WINDOWS\SYSTEM32\DEVOBJ.dll
0x00007ff81d9b0000 - 0x00007ff81d9df000 	C:\WINDOWS\SYSTEM32\dwmapi.dll
0x00007ff813750000 - 0x00007ff8138a2000 	C:\WINDOWS\SYSTEM32\inputhost.dll
0x00007ff821360000 - 0x00007ff82142d000 	C:\WINDOWS\System32\OLEAUT32.dll
0x00007ff81cac0000 - 0x00007ff81cc14000 	C:\WINDOWS\SYSTEM32\wintypes.dll
0x00007ff81fce0000 - 0x00007ff81fd62000 	C:\WINDOWS\System32\bcryptPrimitives.dll
0x00007ff81d350000 - 0x00007ff81d442000 	C:\WINDOWS\SYSTEM32\CoreMessaging.dll
0x00007ff81cfa0000 - 0x00007ff81d2fe000 	C:\WINDOWS\SYSTEM32\CoreUIComponents.dll
0x00007ff81e8a0000 - 0x00007ff81e8d3000 	C:\WINDOWS\SYSTEM32\ntmarta.dll
0x00007ff81d9e0000 - 0x00007ff81d9f2000 	C:\WINDOWS\SYSTEM32\kernel.appcore.dll
0x00007ff81b760000 - 0x00007ff81b856000 	C:\WINDOWS\SYSTEM32\PROPSYS.dll
0x00007ff821e10000 - 0x00007ff821f25000 	C:\WINDOWS\System32\MSCTF.dll
0x00007ff81e460000 - 0x00007ff81e46d000 	C:\WINDOWS\SYSTEM32\HID.DLL
0x00007ff8208c0000 - 0x00007ff820d31000 	C:\WINDOWS\System32\SETUPAPI.DLL
0x00007ff820420000 - 0x00007ff820447000 	C:\WINDOWS\System32\bcrypt.dll
0x00007ff81fed0000 - 0x00007ff81ff38000 	C:\WINDOWS\System32\WINTRUST.dll
0x00007ff81fd70000 - 0x00007ff81fec6000 	C:\WINDOWS\System32\CRYPT32.dll
0x00007ff81f7b0000 - 0x00007ff81f7c2000 	C:\WINDOWS\SYSTEM32\MSASN1.dll
0x00007fffdf8e0000 - 0x00007fffdf9eb000 	C:\Users\cesar\AppData\Local\Temp\lwjglcesar\3.2.3-build-13\OpenAL.dll
0x00007ff821c80000 - 0x00007ff821daa000 	C:\WINDOWS\System32\ole32.dll
0x00007ff820670000 - 0x00007ff820719000 	C:\WINDOWS\System32\clbcatq.dll
0x00007ff819a70000 - 0x00007ff819af5000 	C:\WINDOWS\System32\MMDevApi.dll
0x00007ff819ec0000 - 0x00007ff81a042000 	C:\WINDOWS\SYSTEM32\AUDIOSES.DLL
0x00007ff81f760000 - 0x00007ff81f7ab000 	C:\WINDOWS\SYSTEM32\powrprof.dll
0x00007ff81f740000 - 0x00007ff81f752000 	C:\WINDOWS\SYSTEM32\UMPDC.dll
0x00007ff81d5e0000 - 0x00007ff81d5f4000 	C:\WINDOWS\SYSTEM32\resourcepolicyclient.dll
0x00007ffff77b0000 - 0x00007ffff78d6000 	C:\WINDOWS\SYSTEM32\opengl32.dll
0x00007ff80f270000 - 0x00007ff80f29c000 	C:\WINDOWS\SYSTEM32\GLU32.dll
0x00007ff819c00000 - 0x00007ff819cf7000 	C:\Windows\System32\AppXDeploymentClient.dll
0x00007fffbede0000 - 0x00007fffc1e08000 	C:\WINDOWS\System32\DriverStore\FileRepository\nv_dispi.inf_amd64_c0e159863e7afdde\nvoglv64.dll
0x00007ff81b9e0000 - 0x00007ff81b9f4000 	C:\WINDOWS\SYSTEM32\WTSAPI32.dll
0x00007ff81f4c0000 - 0x00007ff81f4cc000 	C:\WINDOWS\SYSTEM32\CRYPTBASE.DLL
0x00007ff818ac0000 - 0x00007ff818af1000 	C:\WINDOWS\SYSTEM32\cryptnet.dll
0x00007ff8188e0000 - 0x00007ff818a28000 	C:\WINDOWS\SYSTEM32\drvstore.dll
0x00007ff812ec0000 - 0x00007ff812efb000 	C:\WINDOWS\SYSTEM32\dxcore.dll
0x00007ffff5660000 - 0x00007ffff5927000 	C:\WINDOWS\system32\nvspcap64.dll
0x00007ff81f5c0000 - 0x00007ff81f61a000 	C:\WINDOWS\SYSTEM32\WINSTA.dll
0x00007ff818170000 - 0x00007ff818269000 	C:\WINDOWS\SYSTEM32\textinputframework.dll
0x00007fffe8020000 - 0x00007fffe8079000 	C:\Users\cesar\AppData\Local\Temp\lwjglcesar\3.2.3-build-13\lwjgl_opengl.dll
0x0000000066b00000 - 0x0000000066b5b000 	C:\Users\cesar\AppData\Local\Temp\libgdxcesar\a14961b7\gdx-box2d64.dll
0x00007ff811f20000 - 0x00007ff812104000 	C:\WINDOWS\SYSTEM32\dbghelp.dll

VM Arguments:
jvm_args: -Dfile.encoding=windows-1252 -Duser.country=ES -Duser.language=es -Duser.variant 
java_command: com.sentinels.game.DesktopLauncher
java_class_path (initial): C:\Users\cesar\Documents\GitHub\JuegoProyecto\SentinelsGame\desktop\build\classes\java\main;C:\Users\cesar\Documents\GitHub\JuegoProyecto\SentinelsGame\desktop\build\resources\main;C:\Users\cesar\.gradle\caches\modules-2\files-2.1\com.badlogicgames.gdx\gdx-backend-lwjgl3\1.10.0\600c7d5b2c977daa82c4abad147087b31e0ada87\gdx-backend-lwjgl3-1.10.0.jar;C:\Users\cesar\.gradle\caches\modules-2\files-2.1\com.badlogicgames.gdx\gdx-platform\1.10.0\9a8fa793d2fd6d360afc6c9e4c1f5583da263b88\gdx-platform-1.10.0-natives-desktop.jar;C:\Users\cesar\.gradle\caches\modules-2\files-2.1\com.badlogicgames.gdx\gdx-box2d-platform\1.10.0\588c4191c5a64ed39365e71484aa37d81c38eb5e\gdx-box2d-platform-1.10.0-natives-desktop.jar;C:\Users\cesar\.gradle\caches\modules-2\files-2.1\com.badlogicgames.gdx-controllers\gdx-controllers-desktop\2.2.1\cb3430c32468a090eca54d494d16bb3764ceff9b\gdx-controllers-desktop-2.2.1.jar;C:\Users\cesar\.gradle\caches\modules-2\files-2.1\com.badlogicgames.gdx\gdx-freetype-platform\1.10.0\6e5d28752759e69384f12e4569d2c884ff71352f\gdx-freetype-platform-1.10.0-natives-desktop.jar;C:\Users\cesar\.gradle\caches\modules-2\files-2.1\com.badlogicgames.gdx\gdx-bullet-platform\1.10.0\ce92e8dfc762523d769cbc50853163c03bf98cf1\gdx-bullet-platform-1.10.0-natives-desktop.jar;C:\Users\cesar\Documents\GitHub\JuegoProyecto\SentinelsGame\core\build\libs\core-1.0.jar;C:\Users\cesar\.gradle\caches\modules-2\files-2.1\mysql\mysql-connector-java\8.0.29\16bfffda393ac4fe56f0985f1f035b37d3fc48f\mysql-connector-java-8.0.29.jar;C:\Users\cesar\.gradle\caches\modules-2\files-2.1\com.badlogicgames.gdx-controllers\gdx-controllers-core\2.2.1\8aca0dc002a8daf6a6d28f49c44e25189dd93fd7\gdx-controllers-core-2.2.1.jar;C:\Users\cesar\.gradle\caches\modules-2\files-2.1\com.badlogicgames.box2dlights\box2dlights\1.5\6902dbcd250c95a27973aa24a147a95b3828d348\box2dlights-1.5.jar;C:\Users\cesar\.gradle\caches\modules-2\files-2.1\com.badlogicgames.gdx\gdx-box2d\1.10.0\b3a3c0f00b907162388354
Launcher Type: SUN_STANDARD

Environment Variables:
PATH=C:\Program Files\Common Files\Oracle\Java\javapath;C:\WINDOWS\system32;C:\WINDOWS;C:\WINDOWS\System32\Wbem;C:\WINDOWS\System32\WindowsPowerShell\v1.0\;C:\WINDOWS\System32\OpenSSH\;C:\Program Files\NVIDIA Corporation\NVIDIA NvDLISR;C:\Users\cesar\AppData\Local\Microsoft\WindowsApps;C:\adb;C:\Program Files (x86)\NVIDIA Corporation\PhysX\Common;C:\Users\cesar\Desktop\apache-maven-3.6.1\bin;C:\Users\cesar\Downloads\jdk-11.0.14_windows-x64;C:\Users\cesar\Downloads\apache-maven-3.8.5\bin;C:\Program Files\nodejs\;C:\Program Files\Git\cmd;C:\Program Files\MySQL\MySQL Shell 8.0\bin\;C:\Users\cesar\AppData\Local\Microsoft\WindowsApps;C:\Users\cesar\AppData\Local\Programs\Microsoft VS Code\bin;C:\Users\cesar\AppData\Local\GitHubDesktop\bin;C:\Program Files (x86)\;C:\Users\cesar\AppData\Roaming\npm
USERNAME=cesar
OS=Windows_NT
PROCESSOR_IDENTIFIER=Intel64 Family 6 Model 158 Stepping 9, GenuineIntel



---------------  S Y S T E M  ---------------

OS: Windows 10.0 , 64 bit Build 19041 (10.0.19041.1706)

CPU:total 8 (initial active 8) (4 cores per cpu, 2 threads per core) family 6 model 158 stepping 9, cmov, cx8, fxsr, mmx, sse, sse2, sse3, ssse3, sse4.1, sse4.2, popcnt, avx, avx2, aes, clmul, erms, rtm, 3dnowpref, lzcnt, ht, tsc, tscinvbit, bmi1, bmi2, adx

Memory: 4k page, physical 16733324k(4258668k free), swap 38832648k(12125752k free)

vm_info: Java HotSpot(TM) 64-Bit Server VM (25.202-b08) for windows-amd64 JRE (1.8.0_202-b08), built on Dec 15 2018 19:54:30 by "java_re" with MS VC++ 10.0 (VS2010)

time: Tue Jun 07 13:50:34 2022
timezone: Hora de verano romance
elapsed time: 3 seconds (0d 0h 0m 3s)

