#
# A fatal error has been detected by the Java Runtime Environment:
#
#  EXCEPTION_ACCESS_VIOLATION (0xc0000005) at pc=0x000000006e7056e0, pid=13560, tid=0x00000000000051b8
#
# JRE version: Java(TM) SE Runtime Environment (8.0_202-b08) (build 1.8.0_202-b08)
# Java VM: Java HotSpot(TM) 64-Bit Server VM (25.202-b08 mixed mode windows-amd64 compressed oops)
# Problematic frame:
# C  [gdx64.dll+0x56e0]
#
# Failed to write core dump. Minidumps are not enabled by default on client versions of Windows
#
# If you would like to submit a bug report, please visit:
#   http://bugreport.java.com/bugreport/crash.jsp
# The crash happened outside the Java Virtual Machine in native code.
# See problematic frame for where to report the bug.
#

---------------  T H R E A D  ---------------

Current thread (0x00000000030a6000):  JavaThread "main" [_thread_in_native, id=20920, stack(0x0000000002fa0000,0x00000000030a0000)]

siginfo: ExceptionCode=0xc0000005, reading address 0x0000000021518000

Registers:
RAX=0x000000006e7056e0, RBX=0x00000000ffffff00, RCX=0x0000000021518000, RDX=0x0000000000000001
RSP=0x000000000309eac8, RBP=0x00000000000000ff, RSI=0x0000000000000000, RDI=0x00000000000000ff
R8 =0x00000000000000ff, R9 =0x00000000000000ff, R10=0x00000000ffff0000, R11=0x00000000000000ff
R12=0x000000002145fd90, R13=0x0000000000000000, R14=0x0000000000017560, R15=0x0000000000017560
RIP=0x000000006e7056e0, EFLAGS=0x0000000000010202

Top of Stack: (sp=0x000000000309eac8)
0x000000000309eac8:   000000006e719e70 0000000029096908
0x000000000309ead8:   00000000030a6000 000000000309ed30
0x000000000309eae8:   00000000016d7a50 0005d580000000ff
0x000000000309eaf8:   0000000021518000 0000000000000004
0x000000000309eb08:   00000000000000ff 00000000000000ff
0x000000000309eb18:   00000000000000ff 0000000700000000
0x000000000309eb28:   000000006e7056e0 00000000298ff040
0x000000000309eb38:   0000000000000000 000000006e7055d0
0x000000000309eb48:   0000000000000000 0000000000000000
0x000000000309eb58:   0000000400000000 0000000000000000
0x000000000309eb68:   00000000ffffff00 000000006e7056e0
0x000000000309eb78:   0000000000001208 0000000000000004
0x000000000309eb88:   fffffe7000000000 000000000000120c
0x000000000309eb98:   0000000000001208 0000000000000000
0x000000000309eba8:   0000000000000000 000000003f050000
0x000000000309ebb8:   0000000000000000 000000003f0e0000 

Instructions: (pc=0x000000006e7056e0)
0x000000006e7056c0:   0f b6 01 c1 e0 10 89 c2 0f b6 41 01 c1 e0 08 09
0x000000006e7056d0:   d0 0f b6 51 02 09 d0 c3 0f 1f 84 00 00 00 00 00
0x000000006e7056e0:   8b 01 0f c8 c3 90 66 2e 0f 1f 84 00 00 00 00 00
0x000000006e7056f0:   0f b7 01 c3 66 90 66 2e 0f 1f 84 00 00 00 00 00 


Register to memory mapping:

RAX=0x000000006e7056e0 is an unknown value
RBX=0x00000000ffffff00 is an unknown value
RCX=0x0000000021518000 is an unknown value
RDX=0x0000000000000001 is an unknown value
RSP=0x000000000309eac8 is pointing into the stack for thread: 0x00000000030a6000
RBP=0x00000000000000ff is an unknown value
RSI=0x0000000000000000 is an unknown value
RDI=0x00000000000000ff is an unknown value
R8 =0x00000000000000ff is an unknown value
R9 =0x00000000000000ff is an unknown value
R10=0x00000000ffff0000 is an unknown value
R11=0x00000000000000ff is an unknown value
R12=0x000000002145fd90 is an unknown value
R13=0x0000000000000000 is an unknown value
R14=0x0000000000017560 is an unknown value
R15=0x0000000000017560 is an unknown value


Stack: [0x0000000002fa0000,0x00000000030a0000],  sp=0x000000000309eac8,  free space=1018k
Native frames: (J=compiled Java code, j=interpreted, Vv=VM code, C=native code)
C  [gdx64.dll+0x56e0]
C  [gdx64.dll+0x19e70]
C  0x00000000031b8c67

Java frames: (J=compiled Java code, j=interpreted, Vv=VM code)
j  com.badlogic.gdx.graphics.g2d.Gdx2DPixmap.drawPixmap(JJIIIIIIII)V+0
j  com.badlogic.gdx.graphics.g2d.Gdx2DPixmap.drawPixmap(Lcom/badlogic/gdx/graphics/g2d/Gdx2DPixmap;IIIIIIII)V+22
j  com.badlogic.gdx.graphics.Pixmap.drawPixmap(Lcom/badlogic/gdx/graphics/Pixmap;IIIIIIII)V+22
j  Objetos.AssetsBloque.load()V+74
j  Game.PantallaJuego.<init>(LGame/Sentinels;)V+10
j  Game.MainMenuScreen$1.changed(Lcom/badlogic/gdx/scenes/scene2d/utils/ChangeListener$ChangeEvent;Lcom/badlogic/gdx/scenes/scene2d/Actor;)V+30
j  com.badlogic.gdx.scenes.scene2d.utils.ChangeListener.handle(Lcom/badlogic/gdx/scenes/scene2d/Event;)Z+18
j  com.badlogic.gdx.scenes.scene2d.Actor.notify(Lcom/badlogic/gdx/scenes/scene2d/Event;Z)Z+100
j  com.badlogic.gdx.scenes.scene2d.Actor.fire(Lcom/badlogic/gdx/scenes/scene2d/Event;)Z+152
j  com.badlogic.gdx.scenes.scene2d.ui.Button.setChecked(ZZ)V+49
j  com.badlogic.gdx.scenes.scene2d.ui.Button$1.clicked(Lcom/badlogic/gdx/scenes/scene2d/InputEvent;FF)V+31
j  com.badlogic.gdx.scenes.scene2d.utils.ClickListener.touchUp(Lcom/badlogic/gdx/scenes/scene2d/InputEvent;FFII)V+108
j  com.badlogic.gdx.scenes.scene2d.InputListener.handle(Lcom/badlogic/gdx/scenes/scene2d/Event;)Z+233
j  com.badlogic.gdx.scenes.scene2d.Stage.touchUp(IIII)Z+213
j  com.badlogic.gdx.InputEventQueue.drain(Lcom/badlogic/gdx/InputProcessor;)V+273
j  com.badlogic.gdx.backends.lwjgl3.DefaultLwjgl3Input.update()V+8
j  com.badlogic.gdx.backends.lwjgl3.Lwjgl3Window.update()Z+126
j  com.badlogic.gdx.backends.lwjgl3.Lwjgl3Application.loop()V+111
j  com.badlogic.gdx.backends.lwjgl3.Lwjgl3Application.<init>(Lcom/badlogic/gdx/ApplicationListener;Lcom/badlogic/gdx/backends/lwjgl3/Lwjgl3ApplicationConfiguration;)V+243
j  com.sentinels.game.DesktopLauncher.main([Ljava/lang/String;)V+57
v  ~StubRoutines::call_stub

---------------  P R O C E S S  ---------------

Java Threads: ( => current thread )
  0x0000000020211800 JavaThread "LWJGL3 Timer" daemon [_thread_blocked, id=20088, stack(0x0000000029350000,0x0000000029450000)]
  0x0000000022ab4800 JavaThread "Timer-0" [_thread_blocked, id=24132, stack(0x0000000029250000,0x0000000029350000)]
  0x000000001ed36800 JavaThread "Thread-0" [_thread_blocked, id=24884, stack(0x000000001f970000,0x000000001fa70000)]
  0x000000001eb1f800 JavaThread "Service Thread" daemon [_thread_blocked, id=32508, stack(0x000000001f770000,0x000000001f870000)]
  0x000000001ea8f800 JavaThread "C1 CompilerThread3" daemon [_thread_blocked, id=19992, stack(0x000000001f670000,0x000000001f770000)]
  0x000000001ea89000 JavaThread "C2 CompilerThread2" daemon [_thread_blocked, id=30504, stack(0x000000001f570000,0x000000001f670000)]
  0x000000001ea85000 JavaThread "C2 CompilerThread1" daemon [_thread_blocked, id=7980, stack(0x000000001f470000,0x000000001f570000)]
  0x000000001ea82000 JavaThread "C2 CompilerThread0" daemon [_thread_blocked, id=19380, stack(0x000000001f370000,0x000000001f470000)]
  0x000000001ea80800 JavaThread "Attach Listener" daemon [_thread_blocked, id=14296, stack(0x000000001f270000,0x000000001f370000)]
  0x000000001cc6e800 JavaThread "Signal Dispatcher" daemon [_thread_blocked, id=20380, stack(0x000000001f170000,0x000000001f270000)]
  0x000000000319c000 JavaThread "Finalizer" daemon [_thread_blocked, id=33784, stack(0x000000001ef50000,0x000000001f050000)]
  0x000000001ea70800 JavaThread "Reference Handler" daemon [_thread_blocked, id=20296, stack(0x000000001ee50000,0x000000001ef50000)]
=>0x00000000030a6000 JavaThread "main" [_thread_in_native, id=20920, stack(0x0000000002fa0000,0x00000000030a0000)]

Other Threads:
  0x000000001cc59800 VMThread [stack: 0x000000001e950000,0x000000001ea50000] [id=21704]
  0x000000001eb3a000 WatcherThread [stack: 0x000000001f870000,0x000000001f970000] [id=20264]

VM state:not at safepoint (normal execution)

VM Mutex/Monitor currently owned by a thread: None

heap address: 0x00000006c0a00000, size: 4086 MB, Compressed Oops mode: Zero based, Oop shift amount: 3
Narrow klass base: 0x0000000000000000, Narrow klass shift: 3
Compressed class space size: 1073741824 Address: 0x00000007c0000000

Heap:
 PSYoungGen      total 76288K, used 42753K [0x000000076ae00000, 0x0000000770300000, 0x00000007c0000000)
  eden space 65536K, 65% used [0x000000076ae00000,0x000000076d7c0688,0x000000076ee00000)
  from space 10752K, 0% used [0x000000076f880000,0x000000076f880000,0x0000000770300000)
  to   space 10752K, 0% used [0x000000076ee00000,0x000000076ee00000,0x000000076f880000)
 ParOldGen       total 175104K, used 0K [0x00000006c0a00000, 0x00000006cb500000, 0x000000076ae00000)
  object space 175104K, 0% used [0x00000006c0a00000,0x00000006c0a00000,0x00000006cb500000)
 Metaspace       used 13134K, capacity 13401K, committed 13568K, reserved 1060864K
  class space    used 1158K, capacity 1263K, committed 1280K, reserved 1048576K

Card table byte_map: [0x0000000012560000,0x0000000012d60000] byte_map_base: 0x000000000ef5b000

Marking Bits: (ParMarkBitMap*) 0x0000000068b65ce0
 Begin Bits: [0x0000000013ac0000, 0x0000000017a98000)
 End Bits:   [0x0000000017a98000, 0x000000001ba70000)

Polling page: 0x0000000001610000

CodeCache: size=245760Kb used=4192Kb max_used=4192Kb free=241567Kb
 bounds [0x00000000031a0000, 0x00000000035c0000, 0x00000000121a0000]
 total_blobs=1935 nmethods=951 adapters=897
 compilation: enabled

Compilation events (10 events):
Event: 1.845 Thread 0x000000001ea85000 nmethod 947 0x00000000035b2d10 code [0x00000000035b2e60, 0x00000000035b2f78]
Event: 1.846 Thread 0x000000001ea8f800 nmethod 946 0x00000000035b77d0 code [0x00000000035b7b80, 0x00000000035b9aa8]
Event: 1.846 Thread 0x000000001ea8f800  948       3       java.lang.Math::min (46 bytes)
Event: 1.846 Thread 0x000000001ea8f800 nmethod 948 0x00000000035b27d0 code [0x00000000035b2940, 0x00000000035b2c90]
Event: 1.846 Thread 0x000000001ea8f800  951       3       com.badlogic.gdx.graphics.g2d.BitmapFont$BitmapFontData::setGlyph (42 bytes)
Event: 1.846 Thread 0x000000001ea8f800 nmethod 951 0x00000000035b1ed0 code [0x00000000035b2060, 0x00000000035b2570]
Event: 1.846 Thread 0x000000001ea8f800  950       3       java.nio.Buffer::<init> (121 bytes)
Event: 1.846 Thread 0x000000001ea8f800 nmethod 950 0x00000000035b56d0 code [0x00000000035b59a0, 0x00000000035b6e48]
Event: 1.846 Thread 0x000000001ea8f800  949       3       java.nio.ByteBuffer::hasArray (20 bytes)
Event: 1.846 Thread 0x000000001ea8f800 nmethod 949 0x00000000035b5310 code [0x00000000035b5460, 0x00000000035b5650]

GC Heap History (0 events):
No events

Deoptimization events (3 events):
Event: 0.164 Thread 0x00000000030a6000 Uncommon trap: reason=unstable_if action=reinterpret pc=0x00000000032fd1ec method=java.lang.String.indexOf([CII[CIII)I @ 123
Event: 1.363 Thread 0x00000000030a6000 Uncommon trap: reason=unstable_if action=reinterpret pc=0x00000000035111a4 method=javazoom.jl.decoder.BitReserve.hgetbits(I)I @ 22
Event: 1.562 Thread 0x00000000030a6000 Uncommon trap: reason=unstable_if action=reinterpret pc=0x000000000350c508 method=javazoom.jl.decoder.BitReserve.hgetbits(I)I @ 22

Classes redefined (0 events):
No events

Internal exceptions (10 events):
Event: 0.933 Thread 0x00000000030a6000 Exception <a 'sun/nio/fs/WindowsException'> (0x000000076bd94f58) thrown at [C:\re\workspace\8-2-build-windows-amd64-cygwin\jdk8u202\12323\hotspot\src\share\vm\prims\jni.cpp, line 710]
Event: 0.933 Thread 0x00000000030a6000 Exception <a 'sun/nio/fs/WindowsException'> (0x000000076bd95698) thrown at [C:\re\workspace\8-2-build-windows-amd64-cygwin\jdk8u202\12323\hotspot\src\share\vm\prims\jni.cpp, line 710]
Event: 0.935 Thread 0x00000000030a6000 Exception <a 'sun/nio/fs/WindowsException'> (0x000000076bda6610) thrown at [C:\re\workspace\8-2-build-windows-amd64-cygwin\jdk8u202\12323\hotspot\src\share\vm\prims\jni.cpp, line 710]
Event: 0.935 Thread 0x00000000030a6000 Exception <a 'sun/nio/fs/WindowsException'> (0x000000076bda6c08) thrown at [C:\re\workspace\8-2-build-windows-amd64-cygwin\jdk8u202\12323\hotspot\src\share\vm\prims\jni.cpp, line 710]
Event: 1.175 Thread 0x00000000030a6000 Exception <a 'java/security/PrivilegedActionException'> (0x000000076c880600) thrown at [C:\re\workspace\8-2-build-windows-amd64-cygwin\jdk8u202\12323\hotspot\src\share\vm\prims\jvm.cpp, line 1502]
Event: 1.175 Thread 0x00000000030a6000 Exception <a 'java/security/PrivilegedActionException'> (0x000000076c880810) thrown at [C:\re\workspace\8-2-build-windows-amd64-cygwin\jdk8u202\12323\hotspot\src\share\vm\prims\jvm.cpp, line 1502]
Event: 1.178 Thread 0x00000000030a6000 Exception <a 'java/security/PrivilegedActionException'> (0x000000076c8c1528) thrown at [C:\re\workspace\8-2-build-windows-amd64-cygwin\jdk8u202\12323\hotspot\src\share\vm\prims\jvm.cpp, line 1502]
Event: 1.178 Thread 0x00000000030a6000 Exception <a 'java/security/PrivilegedActionException'> (0x000000076c8c1738) thrown at [C:\re\workspace\8-2-build-windows-amd64-cygwin\jdk8u202\12323\hotspot\src\share\vm\prims\jvm.cpp, line 1502]
Event: 1.251 Thread 0x00000000030a6000 Exception <a 'java/security/PrivilegedActionException'> (0x000000076ccbd0b8) thrown at [C:\re\workspace\8-2-build-windows-amd64-cygwin\jdk8u202\12323\hotspot\src\share\vm\prims\jvm.cpp, line 1502]
Event: 1.251 Thread 0x00000000030a6000 Exception <a 'java/security/PrivilegedActionException'> (0x000000076ccbd4b0) thrown at [C:\re\workspace\8-2-build-windows-amd64-cygwin\jdk8u202\12323\hotspot\src\share\vm\prims\jvm.cpp, line 1502]

Events (10 events):
Event: 1.765 Thread 0x00000000030a6000 DEOPT PACKING pc=0x0000000003514a1f sp=0x000000000309f1e0
Event: 1.765 Thread 0x00000000030a6000 DEOPT UNPACKING pc=0x00000000031e7890 sp=0x000000000309ef10 mode 0
Event: 1.765 Thread 0x00000000030a6000 DEOPT PACKING pc=0x0000000003531ded sp=0x000000000309f220
Event: 1.765 Thread 0x00000000030a6000 DEOPT UNPACKING pc=0x00000000031e7890 sp=0x000000000309ef48 mode 0
Event: 1.766 Thread 0x00000000030a6000 DEOPT PACKING pc=0x0000000003514ca2 sp=0x000000000309f1b0
Event: 1.766 Thread 0x00000000030a6000 DEOPT UNPACKING pc=0x00000000031e7890 sp=0x000000000309eec8 mode 0
Event: 1.768 loading class com/badlogic/gdx/utils/TimeUtils
Event: 1.768 loading class com/badlogic/gdx/utils/TimeUtils done
Event: 1.846 loading class Objetos/AssetsBloque
Event: 1.846 loading class Objetos/AssetsBloque done


Dynamic libraries:
0x00007ff722ce0000 - 0x00007ff722d17000 	C:\Program Files\Java\jdk1.8.0_202\bin\java.exe
0x00007ff8224b0000 - 0x00007ff8226a5000 	C:\WINDOWS\SYSTEM32\ntdll.dll
0x00007ff8211f0000 - 0x00007ff8212ad000 	C:\WINDOWS\System32\KERNEL32.DLL
0x00007ff820150000 - 0x00007ff82041d000 	C:\WINDOWS\System32\KERNELBASE.dll
0x00007ff821020000 - 0x00007ff8210ce000 	C:\WINDOWS\System32\ADVAPI32.dll
0x00007ff8210d0000 - 0x00007ff82116e000 	C:\WINDOWS\System32\msvcrt.dll
0x00007ff8212b0000 - 0x00007ff82134c000 	C:\WINDOWS\System32\sechost.dll
0x00007ff820ef0000 - 0x00007ff821015000 	C:\WINDOWS\System32\RPCRT4.dll
0x00007ff820720000 - 0x00007ff8208c0000 	C:\WINDOWS\System32\USER32.dll
0x00007ff81fcb0000 - 0x00007ff81fcd2000 	C:\WINDOWS\System32\win32u.dll
0x00007ff822290000 - 0x00007ff8222ba000 	C:\WINDOWS\System32\GDI32.dll
0x00007ff81ff40000 - 0x00007ff82004b000 	C:\WINDOWS\System32\gdi32full.dll
0x00007ff81fbc0000 - 0x00007ff81fc5d000 	C:\WINDOWS\System32\msvcp_win.dll
0x00007ff820050000 - 0x00007ff820150000 	C:\WINDOWS\System32\ucrtbase.dll
0x00007ff80eb10000 - 0x00007ff80edaa000 	C:\WINDOWS\WinSxS\amd64_microsoft.windows.common-controls_6595b64144ccf1df_6.0.19041.1110_none_60b5254171f9507e\COMCTL32.dll
0x00007ff8222c0000 - 0x00007ff8222f0000 	C:\WINDOWS\System32\IMM32.DLL
0x0000000068bf0000 - 0x0000000068cc2000 	C:\Program Files\Java\jdk1.8.0_202\jre\bin\msvcr100.dll
0x0000000068340000 - 0x0000000068be5000 	C:\Program Files\Java\jdk1.8.0_202\jre\bin\server\jvm.dll
0x00007ff821b80000 - 0x00007ff821b88000 	C:\WINDOWS\System32\PSAPI.DLL
0x00007ff818d70000 - 0x00007ff818d7a000 	C:\WINDOWS\SYSTEM32\VERSION.dll
0x00007ff814e30000 - 0x00007ff814e57000 	C:\WINDOWS\SYSTEM32\WINMM.dll
0x00007ff81d500000 - 0x00007ff81d509000 	C:\WINDOWS\SYSTEM32\WSOCK32.dll
0x00007ff821c10000 - 0x00007ff821c7b000 	C:\WINDOWS\System32\WS2_32.dll
0x00007ff817830000 - 0x00007ff81783f000 	C:\Program Files\Java\jdk1.8.0_202\jre\bin\verify.dll
0x00007ff817800000 - 0x00007ff817829000 	C:\Program Files\Java\jdk1.8.0_202\jre\bin\java.dll
0x00007ff80fb80000 - 0x00007ff80fb96000 	C:\Program Files\Java\jdk1.8.0_202\jre\bin\zip.dll
0x00007ff821430000 - 0x00007ff821b74000 	C:\WINDOWS\System32\SHELL32.dll
0x00007ff81dcc0000 - 0x00007ff81e454000 	C:\WINDOWS\SYSTEM32\windows.storage.dll
0x00007ff821f30000 - 0x00007ff822284000 	C:\WINDOWS\System32\combase.dll
0x00007ff81f550000 - 0x00007ff81f57c000 	C:\WINDOWS\SYSTEM32\Wldp.dll
0x00007ff820500000 - 0x00007ff8205ad000 	C:\WINDOWS\System32\SHCORE.dll
0x00007ff821db0000 - 0x00007ff821e05000 	C:\WINDOWS\System32\shlwapi.dll
0x00007ff81fb00000 - 0x00007ff81fb1f000 	C:\WINDOWS\SYSTEM32\profapi.dll
0x000000006e700000 - 0x000000006e72a000 	C:\Users\cesar\AppData\Local\Temp\libgdxcesar\e1cd32f8\gdx64.dll
0x00007ff8006f0000 - 0x00007ff80070a000 	C:\Program Files\Java\jdk1.8.0_202\jre\bin\net.dll
0x00007ff80c440000 - 0x00007ff80c62c000 	C:\WINDOWS\SYSTEM32\urlmon.dll
0x00007ff810820000 - 0x00007ff810ad1000 	C:\WINDOWS\SYSTEM32\iertutil.dll
0x00007ff80c410000 - 0x00007ff80c438000 	C:\WINDOWS\SYSTEM32\srvcli.dll
0x00007ff81f0b0000 - 0x00007ff81f0bc000 	C:\WINDOWS\SYSTEM32\netutils.dll
0x00007ff81f2b0000 - 0x00007ff81f31a000 	C:\WINDOWS\system32\mswsock.dll
0x00007ffffea30000 - 0x00007ffffea42000 	C:\Program Files\Java\jdk1.8.0_202\jre\bin\nio.dll
0x00007fffe9570000 - 0x00007fffe95d4000 	C:\Users\cesar\AppData\Local\Temp\lwjglcesar\3.2.3-build-13\lwjgl.dll
0x00007fffe09a0000 - 0x00007fffe0bf3000 	C:\Users\cesar\AppData\Local\Temp\lwjglcesar\3.2.3-build-13\jemalloc.dll
0x00007fffe8040000 - 0x00007fffe80a2000 	C:\Users\cesar\AppData\Local\Temp\lwjglcesar\3.2.3-build-13\glfw.dll
0x00007ff81d600000 - 0x00007ff81d69e000 	C:\WINDOWS\system32\uxtheme.dll
0x00007fffe9730000 - 0x00007fffe9775000 	C:\WINDOWS\SYSTEM32\dinput8.dll
0x00007ffffaa60000 - 0x00007ffffaa71000 	C:\WINDOWS\SYSTEM32\xinput1_4.dll
0x00007ff81fc60000 - 0x00007ff81fcae000 	C:\WINDOWS\System32\cfgmgr32.dll
0x00007ff81f9a0000 - 0x00007ff81f9cc000 	C:\WINDOWS\SYSTEM32\DEVOBJ.dll
0x00007ff81d9b0000 - 0x00007ff81d9df000 	C:\WINDOWS\SYSTEM32\dwmapi.dll
0x00007ff813750000 - 0x00007ff8138a2000 	C:\WINDOWS\SYSTEM32\inputhost.dll
0x00007ff821360000 - 0x00007ff82142d000 	C:\WINDOWS\System32\OLEAUT32.dll
0x00007ff81cac0000 - 0x00007ff81cc14000 	C:\WINDOWS\SYSTEM32\wintypes.dll
0x00007ff81b760000 - 0x00007ff81b856000 	C:\WINDOWS\SYSTEM32\PROPSYS.dll
0x00007ff81d350000 - 0x00007ff81d442000 	C:\WINDOWS\SYSTEM32\CoreMessaging.dll
0x00007ff81fce0000 - 0x00007ff81fd62000 	C:\WINDOWS\System32\bcryptPrimitives.dll
0x00007ff81cfa0000 - 0x00007ff81d2fe000 	C:\WINDOWS\SYSTEM32\CoreUIComponents.dll
0x00007ff81e8a0000 - 0x00007ff81e8d3000 	C:\WINDOWS\SYSTEM32\ntmarta.dll
0x00007ff81d9e0000 - 0x00007ff81d9f2000 	C:\WINDOWS\SYSTEM32\kernel.appcore.dll
0x00007ff821e10000 - 0x00007ff821f25000 	C:\WINDOWS\System32\MSCTF.dll
0x00007ff81e460000 - 0x00007ff81e46d000 	C:\WINDOWS\SYSTEM32\HID.DLL
0x00007ff8208c0000 - 0x00007ff820d31000 	C:\WINDOWS\System32\SETUPAPI.DLL
0x00007ff820420000 - 0x00007ff820447000 	C:\WINDOWS\System32\bcrypt.dll
0x00007ff81fed0000 - 0x00007ff81ff38000 	C:\WINDOWS\System32\WINTRUST.dll
0x00007ff81fd70000 - 0x00007ff81fec6000 	C:\WINDOWS\System32\CRYPT32.dll
0x00007ff81f7b0000 - 0x00007ff81f7c2000 	C:\WINDOWS\SYSTEM32\MSASN1.dll
0x00007fffdf8e0000 - 0x00007fffdf9eb000 	C:\Users\cesar\AppData\Local\Temp\lwjglcesar\3.2.3-build-13\OpenAL.dll
0x00007ff821c80000 - 0x00007ff821daa000 	C:\WINDOWS\System32\ole32.dll
0x00007ff820670000 - 0x00007ff820719000 	C:\WINDOWS\System32\clbcatq.dll
0x00007ff819a70000 - 0x00007ff819af5000 	C:\WINDOWS\System32\MMDevApi.dll
0x00007ff819ec0000 - 0x00007ff81a042000 	C:\WINDOWS\SYSTEM32\AUDIOSES.DLL
0x00007ff81f760000 - 0x00007ff81f7ab000 	C:\WINDOWS\SYSTEM32\powrprof.dll
0x00007ff81f740000 - 0x00007ff81f752000 	C:\WINDOWS\SYSTEM32\UMPDC.dll
0x00007ff81d5e0000 - 0x00007ff81d5f4000 	C:\WINDOWS\SYSTEM32\resourcepolicyclient.dll
0x00007ffff77b0000 - 0x00007ffff78d6000 	C:\WINDOWS\SYSTEM32\opengl32.dll
0x00007ff80f270000 - 0x00007ff80f29c000 	C:\WINDOWS\SYSTEM32\GLU32.dll
0x00007ff819c00000 - 0x00007ff819cf7000 	C:\Windows\System32\AppXDeploymentClient.dll
0x00007fffbede0000 - 0x00007fffc1e08000 	C:\WINDOWS\System32\DriverStore\FileRepository\nv_dispi.inf_amd64_c0e159863e7afdde\nvoglv64.dll
0x00007ff81b9e0000 - 0x00007ff81b9f4000 	C:\WINDOWS\SYSTEM32\WTSAPI32.dll
0x00007ff81f4c0000 - 0x00007ff81f4cc000 	C:\WINDOWS\SYSTEM32\CRYPTBASE.DLL
0x00007ff818ac0000 - 0x00007ff818af1000 	C:\WINDOWS\SYSTEM32\cryptnet.dll
0x00007ff8188e0000 - 0x00007ff818a28000 	C:\WINDOWS\SYSTEM32\drvstore.dll
0x00007ff812ec0000 - 0x00007ff812efb000 	C:\WINDOWS\SYSTEM32\dxcore.dll
0x00007ffff5660000 - 0x00007ffff5927000 	C:\WINDOWS\system32\nvspcap64.dll
0x00007ff81f5c0000 - 0x00007ff81f61a000 	C:\WINDOWS\SYSTEM32\WINSTA.dll
0x00007ff818170000 - 0x00007ff818269000 	C:\WINDOWS\SYSTEM32\textinputframework.dll
0x00007fffe7fe0000 - 0x00007fffe8039000 	C:\Users\cesar\AppData\Local\Temp\lwjglcesar\3.2.3-build-13\lwjgl_opengl.dll
0x00007ff811f20000 - 0x00007ff812104000 	C:\WINDOWS\SYSTEM32\dbghelp.dll

VM Arguments:
jvm_args: -Dfile.encoding=windows-1252 -Duser.country=ES -Duser.language=es -Duser.variant 
java_command: com.sentinels.game.DesktopLauncher
java_class_path (initial): C:\Users\cesar\Documents\GitHub\JuegoProyecto\SentinelsGame\desktop\build\classes\java\main;C:\Users\cesar\Documents\GitHub\JuegoProyecto\SentinelsGame\desktop\build\resources\main;C:\Users\cesar\.gradle\caches\modules-2\files-2.1\com.badlogicgames.gdx\gdx-backend-lwjgl3\1.10.0\600c7d5b2c977daa82c4abad147087b31e0ada87\gdx-backend-lwjgl3-1.10.0.jar;C:\Users\cesar\.gradle\caches\modules-2\files-2.1\com.badlogicgames.gdx\gdx-platform\1.10.0\9a8fa793d2fd6d360afc6c9e4c1f5583da263b88\gdx-platform-1.10.0-natives-desktop.jar;C:\Users\cesar\.gradle\caches\modules-2\files-2.1\com.badlogicgames.gdx\gdx-box2d-platform\1.10.0\588c4191c5a64ed39365e71484aa37d81c38eb5e\gdx-box2d-platform-1.10.0-natives-desktop.jar;C:\Users\cesar\.gradle\caches\modules-2\files-2.1\com.badlogicgames.gdx-controllers\gdx-controllers-desktop\2.2.1\cb3430c32468a090eca54d494d16bb3764ceff9b\gdx-controllers-desktop-2.2.1.jar;C:\Users\cesar\.gradle\caches\modules-2\files-2.1\com.badlogicgames.gdx\gdx-freetype-platform\1.10.0\6e5d28752759e69384f12e4569d2c884ff71352f\gdx-freetype-platform-1.10.0-natives-desktop.jar;C:\Users\cesar\.gradle\caches\modules-2\files-2.1\com.badlogicgames.gdx\gdx-bullet-platform\1.10.0\ce92e8dfc762523d769cbc50853163c03bf98cf1\gdx-bullet-platform-1.10.0-natives-desktop.jar;C:\Users\cesar\Documents\GitHub\JuegoProyecto\SentinelsGame\core\build\libs\core-1.0.jar;C:\Users\cesar\.gradle\caches\modules-2\files-2.1\mysql\mysql-connector-java\8.0.29\16bfffda393ac4fe56f0985f1f035b37d3fc48f\mysql-connector-java-8.0.29.jar;C:\Users\cesar\.gradle\caches\modules-2\files-2.1\com.badlogicgames.gdx-controllers\gdx-controllers-core\2.2.1\8aca0dc002a8daf6a6d28f49c44e25189dd93fd7\gdx-controllers-core-2.2.1.jar;C:\Users\cesar\.gradle\caches\modules-2\files-2.1\com.badlogicgames.box2dlights\box2dlights\1.5\6902dbcd250c95a27973aa24a147a95b3828d348\box2dlights-1.5.jar;C:\Users\cesar\.gradle\caches\modules-2\files-2.1\com.badlogicgames.gdx\gdx-box2d\1.10.0\b3a3c0f00b907162388354
Launcher Type: SUN_STANDARD

Environment Variables:
PATH=C:\Program Files\Common Files\Oracle\Java\javapath;C:\WINDOWS\system32;C:\WINDOWS;C:\WINDOWS\System32\Wbem;C:\WINDOWS\System32\WindowsPowerShell\v1.0\;C:\WINDOWS\System32\OpenSSH\;C:\Program Files\NVIDIA Corporation\NVIDIA NvDLISR;C:\Users\cesar\AppData\Local\Microsoft\WindowsApps;C:\adb;C:\Program Files (x86)\NVIDIA Corporation\PhysX\Common;C:\Users\cesar\Desktop\apache-maven-3.6.1\bin;C:\Users\cesar\Downloads\jdk-11.0.14_windows-x64;C:\Users\cesar\Downloads\apache-maven-3.8.5\bin;C:\Program Files\nodejs\;C:\Program Files\Git\cmd;C:\Program Files\MySQL\MySQL Shell 8.0\bin\;C:\Users\cesar\AppData\Local\Microsoft\WindowsApps;C:\Users\cesar\AppData\Local\Programs\Microsoft VS Code\bin;C:\Users\cesar\AppData\Local\GitHubDesktop\bin;C:\Program Files (x86)\;C:\Users\cesar\AppData\Roaming\npm
USERNAME=cesar
OS=Windows_NT
PROCESSOR_IDENTIFIER=Intel64 Family 6 Model 158 Stepping 9, GenuineIntel



---------------  S Y S T E M  ---------------

OS: Windows 10.0 , 64 bit Build 19041 (10.0.19041.1706)

CPU:total 8 (initial active 8) (4 cores per cpu, 2 threads per core) family 6 model 158 stepping 9, cmov, cx8, fxsr, mmx, sse, sse2, sse3, ssse3, sse4.1, sse4.2, popcnt, avx, avx2, aes, clmul, erms, rtm, 3dnowpref, lzcnt, ht, tsc, tscinvbit, bmi1, bmi2, adx

Memory: 4k page, physical 16733324k(5143948k free), swap 38832648k(13584404k free)

vm_info: Java HotSpot(TM) 64-Bit Server VM (25.202-b08) for windows-amd64 JRE (1.8.0_202-b08), built on Dec 15 2018 19:54:30 by "java_re" with MS VC++ 10.0 (VS2010)

time: Tue Jun 07 12:59:03 2022
timezone: Hora de verano romance
elapsed time: 1 seconds (0d 0h 0m 1s)

